<?xml version="1.0" encoding="UTF-8"?>
<!-- Generated by org.testng.reporters.JUnitReportReporter -->
<testsuite hostname="Saurabh" failures="0" tests="1" name="testCases.VerifyingSignup" time="15.994" errors="0" timestamp="2023-09-11T19:45:26 IST" skipped="0">
  <testcase classname="testCases.VerifyingSignup" name="VerifySignup" time="15.994"/>
</testsuite> <!-- testCases.VerifyingSignup -->
