<?xml version="1.0" encoding="UTF-8"?>
<!-- Generated by org.testng.reporters.JUnitReportReporter -->
<testsuite hostname="Saurabh" failures="0" tests="1" name="testCases.VerifyLogin" time="29.675" errors="0" timestamp="2023-09-10T10:25:30 IST" skipped="0">
  <testcase classname="testCases.VerifyLogin" name="LoginButton" time="29.675"/>
</testsuite> <!-- testCases.VerifyLogin -->
