<?xml version="1.0" encoding="UTF-8"?>
<!-- Generated by org.testng.reporters.JUnitReportReporter -->
<testsuite hostname="Saurabh" failures="0" tests="1" name="testCases.SS" time="8.624" errors="0" timestamp="2023-09-06T15:19:03 IST" skipped="0">
  <testcase classname="testCases.SS" name="SS" time="8.624"/>
</testsuite> <!-- testCases.SS -->
