<?xml version="1.0" encoding="UTF-8"?>
<!-- Generated by org.testng.reporters.JUnitReportReporter -->
<testsuite hostname="Saurabh" failures="0" tests="1" name="testCases.HandlingExcelsheet" time="0.572" errors="0" timestamp="2023-09-05T21:13:20 IST" skipped="0">
  <testcase classname="testCases.HandlingExcelsheet" name="M1" time="0.572"/>
</testsuite> <!-- testCases.HandlingExcelsheet -->
