<?xml version="1.0" encoding="UTF-8"?>
<!-- Generated by org.testng.reporters.JUnitReportReporter -->
<testsuite hostname="Saurabh" failures="0" tests="1" name="testCases.Handlinglinks" time="43.259" errors="0" timestamp="2023-09-06T11:18:01 IST" skipped="0">
  <testcase classname="testCases.Handlinglinks" name="HandlingLinks" time="43.259"/>
</testsuite> <!-- testCases.Handlinglinks -->
